{"D:\\Backup\\Coding\\project\\bookshelf-api-typescript\\src\\data\\Books.ts": {"path":"D:\\Backup\\Coding\\project\\bookshelf-api-typescript\\src\\data\\Books.ts","statementMap":{"0":{"start":{"line":3,"column":44},"end":{"line":3,"column":46}}},"fnMap":{},"branchMap":{},"s":{"0":1},"f":{},"b":{},"_coverageSchema":"1a1c01bbd47fc00a2c39e90264f33305004495a9","hash":"14e75d2dbb7d5d4aee87d697f16505145081598a"}
,"D:\\Backup\\Coding\\project\\bookshelf-api-typescript\\src\\entities\\BookEntities.ts": {"path":"D:\\Backup\\Coding\\project\\bookshelf-api-typescript\\src\\entities\\BookEntities.ts","statementMap":{"0":{"start":{"line":15,"column":4},"end":{"line":15,"column":32}},"1":{"start":{"line":17,"column":4},"end":{"line":17,"column":29}},"2":{"start":{"line":18,"column":4},"end":{"line":18,"column":29}},"3":{"start":{"line":19,"column":4},"end":{"line":19,"column":33}},"4":{"start":{"line":20,"column":4},"end":{"line":20,"column":35}},"5":{"start":{"line":21,"column":4},"end":{"line":21,"column":39}},"6":{"start":{"line":22,"column":4},"end":{"line":22,"column":39}},"7":{"start":{"line":23,"column":4},"end":{"line":23,"column":37}},"8":{"start":{"line":24,"column":4},"end":{"line":24,"column":73}},"9":{"start":{"line":25,"column":4},"end":{"line":25,"column":35}},"10":{"start":{"line":29,"column":4},"end":{"line":31,"column":5}},"11":{"start":{"line":30,"column":6},"end":{"line":30,"column":46}},"12":{"start":{"line":32,"column":4},"end":{"line":34,"column":5}},"13":{"start":{"line":33,"column":6},"end":{"line":33,"column":63}},"14":{"start":{"line":38,"column":4},"end":{"line":38,"column":34}}},"fnMap":{"0":{"name":"(anonymous_0)","decl":{"start":{"line":14,"column":2},"end":{"line":14,"column":3}},"loc":{"start":{"line":14,"column":44},"end":{"line":26,"column":3}},"line":14},"1":{"name":"(anonymous_1)","decl":{"start":{"line":28,"column":2},"end":{"line":28,"column":3}},"loc":{"start":{"line":28,"column":60},"end":{"line":35,"column":3}},"line":28},"2":{"name":"(anonymous_2)","decl":{"start":{"line":37,"column":2},"end":{"line":37,"column":3}},"loc":{"start":{"line":37,"column":67},"end":{"line":39,"column":3}},"line":37}},"branchMap":{"0":{"loc":{"start":{"line":29,"column":4},"end":{"line":31,"column":5}},"type":"if","locations":[{"start":{"line":29,"column":4},"end":{"line":31,"column":5}},{"start":{},"end":{}}],"line":29},"1":{"loc":{"start":{"line":32,"column":4},"end":{"line":34,"column":5}},"type":"if","locations":[{"start":{"line":32,"column":4},"end":{"line":34,"column":5}},{"start":{},"end":{}}],"line":32}},"s":{"0":6,"1":4,"2":4,"3":4,"4":4,"5":4,"6":4,"7":4,"8":4,"9":4,"10":6,"11":1,"12":5,"13":1,"14":4},"f":{"0":6,"1":6,"2":4},"b":{"0":[1,5],"1":[1,4]},"_coverageSchema":"1a1c01bbd47fc00a2c39e90264f33305004495a9","hash":"f6fe8bde8c7b279feabfc8d0e5b37f39cf1a40a8"}
,"D:\\Backup\\Coding\\project\\bookshelf-api-typescript\\src\\errors\\ResponseErrors.ts": {"path":"D:\\Backup\\Coding\\project\\bookshelf-api-typescript\\src\\errors\\ResponseErrors.ts","statementMap":{"0":{"start":{"line":6,"column":4},"end":{"line":6,"column":19}},"1":{"start":{"line":7,"column":4},"end":{"line":7,"column":33}},"2":{"start":{"line":8,"column":4},"end":{"line":8,"column":24}}},"fnMap":{"0":{"name":"(anonymous_0)","decl":{"start":{"line":5,"column":2},"end":{"line":5,"column":3}},"loc":{"start":{"line":5,"column":67},"end":{"line":9,"column":3}},"line":5}},"branchMap":{},"s":{"0":1,"1":1,"2":1},"f":{"0":1},"b":{},"_coverageSchema":"1a1c01bbd47fc00a2c39e90264f33305004495a9","hash":"764efda15f14c286c7488a0ca37b6f22a276db11"}
,"D:\\Backup\\Coding\\project\\bookshelf-api-typescript\\src\\repostories\\BookRepositoriesImpl.ts": {"path":"D:\\Backup\\Coding\\project\\bookshelf-api-typescript\\src\\repostories\\BookRepositoriesImpl.ts","statementMap":{"0":{"start":{"line":12,"column":4},"end":{"line":12,"column":35}},"1":{"start":{"line":16,"column":17},"end":{"line":16,"column":41}},"2":{"start":{"line":17,"column":23},"end":{"line":17,"column":41}},"3":{"start":{"line":18,"column":31},"end":{"line":18,"column":35}},"4":{"start":{"line":19,"column":30},"end":{"line":19,"column":34}},"5":{"start":{"line":21,"column":4},"end":{"line":26,"column":7}},"6":{"start":{"line":28,"column":4},"end":{"line":28,"column":14}},"7":{"start":{"line":32,"column":4},"end":{"line":32,"column":17}},"8":{"start":{"line":36,"column":23},"end":{"line":36,"column":64}},"9":{"start":{"line":36,"column":46},"end":{"line":36,"column":60}},"10":{"start":{"line":37,"column":4},"end":{"line":39,"column":5}},"11":{"start":{"line":38,"column":6},"end":{"line":38,"column":68}},"12":{"start":{"line":40,"column":4},"end":{"line":40,"column":22}},"13":{"start":{"line":44,"column":17},"end":{"line":44,"column":41}},"14":{"start":{"line":45,"column":30},"end":{"line":45,"column":34}},"15":{"start":{"line":46,"column":26},"end":{"line":46,"column":67}},"16":{"start":{"line":46,"column":52},"end":{"line":46,"column":66}},"17":{"start":{"line":48,"column":4},"end":{"line":62,"column":5}},"18":{"start":{"line":49,"column":6},"end":{"line":61,"column":7}},"19":{"start":{"line":67,"column":26},"end":{"line":67,"column":67}},"20":{"start":{"line":67,"column":52},"end":{"line":67,"column":66}},"21":{"start":{"line":68,"column":4},"end":{"line":70,"column":5}},"22":{"start":{"line":69,"column":6},"end":{"line":69,"column":29}}},"fnMap":{"0":{"name":"(anonymous_0)","decl":{"start":{"line":11,"column":2},"end":{"line":11,"column":3}},"loc":{"start":{"line":11,"column":50},"end":{"line":13,"column":3}},"line":11},"1":{"name":"(anonymous_1)","decl":{"start":{"line":15,"column":2},"end":{"line":15,"column":3}},"loc":{"start":{"line":15,"column":42},"end":{"line":29,"column":3}},"line":15},"2":{"name":"(anonymous_2)","decl":{"start":{"line":31,"column":2},"end":{"line":31,"column":3}},"loc":{"start":{"line":31,"column":36},"end":{"line":33,"column":3}},"line":31},"3":{"name":"(anonymous_3)","decl":{"start":{"line":35,"column":2},"end":{"line":35,"column":3}},"loc":{"start":{"line":35,"column":42},"end":{"line":41,"column":3}},"line":35},"4":{"name":"(anonymous_4)","decl":{"start":{"line":36,"column":36},"end":{"line":36,"column":37}},"loc":{"start":{"line":36,"column":46},"end":{"line":36,"column":60}},"line":36},"5":{"name":"(anonymous_5)","decl":{"start":{"line":43,"column":2},"end":{"line":43,"column":3}},"loc":{"start":{"line":43,"column":55},"end":{"line":64,"column":3}},"line":43},"6":{"name":"(anonymous_6)","decl":{"start":{"line":46,"column":42},"end":{"line":46,"column":43}},"loc":{"start":{"line":46,"column":52},"end":{"line":46,"column":66}},"line":46},"7":{"name":"(anonymous_7)","decl":{"start":{"line":66,"column":2},"end":{"line":66,"column":3}},"loc":{"start":{"line":66,"column":35},"end":{"line":71,"column":3}},"line":66},"8":{"name":"(anonymous_8)","decl":{"start":{"line":67,"column":42},"end":{"line":67,"column":43}},"loc":{"start":{"line":67,"column":52},"end":{"line":67,"column":66}},"line":67}},"branchMap":{"0":{"loc":{"start":{"line":37,"column":4},"end":{"line":39,"column":5}},"type":"if","locations":[{"start":{"line":37,"column":4},"end":{"line":39,"column":5}},{"start":{},"end":{}}],"line":37},"1":{"loc":{"start":{"line":48,"column":4},"end":{"line":62,"column":5}},"type":"if","locations":[{"start":{"line":48,"column":4},"end":{"line":62,"column":5}},{"start":{},"end":{}}],"line":48},"2":{"loc":{"start":{"line":68,"column":4},"end":{"line":70,"column":5}},"type":"if","locations":[{"start":{"line":68,"column":4},"end":{"line":70,"column":5}},{"start":{},"end":{}}],"line":68}},"s":{"0":6,"1":1,"2":1,"3":1,"4":1,"5":1,"6":1,"7":1,"8":2,"9":1,"10":2,"11":1,"12":1,"13":1,"14":1,"15":1,"16":1,"17":1,"18":1,"19":1,"20":1,"21":1,"22":1},"f":{"0":6,"1":1,"2":1,"3":2,"4":1,"5":1,"6":1,"7":1,"8":1},"b":{"0":[1,1],"1":[1,0],"2":[1,0]},"_coverageSchema":"1a1c01bbd47fc00a2c39e90264f33305004495a9","hash":"509229254278e5590865a1c2d4800f01d8d7cbfb"}
,"D:\\Backup\\Coding\\project\\bookshelf-api-typescript\\src\\usecases\\PostBookUseCases.ts": {"path":"D:\\Backup\\Coding\\project\\bookshelf-api-typescript\\src\\usecases\\PostBookUseCases.ts","statementMap":{"0":{"start":{"line":9,"column":4},"end":{"line":9,"column":45}},"1":{"start":{"line":13,"column":25},"end":{"line":13,"column":50}},"2":{"start":{"line":14,"column":4},"end":{"line":14,"column":56}}},"fnMap":{"0":{"name":"(anonymous_0)","decl":{"start":{"line":8,"column":2},"end":{"line":8,"column":3}},"loc":{"start":{"line":8,"column":50},"end":{"line":10,"column":3}},"line":8},"1":{"name":"(anonymous_1)","decl":{"start":{"line":12,"column":2},"end":{"line":12,"column":3}},"loc":{"start":{"line":12,"column":48},"end":{"line":15,"column":3}},"line":12}},"branchMap":{},"s":{"0":1,"1":1,"2":1},"f":{"0":1,"1":1},"b":{},"_coverageSchema":"1a1c01bbd47fc00a2c39e90264f33305004495a9","hash":"cec767d6c3faecb0e447e3faa99cc312899e6cd9"}
,"D:\\Backup\\Coding\\project\\bookshelf-api-typescript\\tests\\helper\\BookRepositoryTestHelper.ts": {"path":"D:\\Backup\\Coding\\project\\bookshelf-api-typescript\\tests\\helper\\BookRepositoryTestHelper.ts","statementMap":{"0":{"start":{"line":10,"column":75},"end":{"line":37,"column":1}},"1":{"start":{"line":25,"column":4},"end":{"line":25,"column":24}},"2":{"start":{"line":27,"column":4},"end":{"line":27,"column":22}},"3":{"start":{"line":31,"column":4},"end":{"line":31,"column":53}},"4":{"start":{"line":31,"column":34},"end":{"line":31,"column":48}},"5":{"start":{"line":35,"column":4},"end":{"line":35,"column":21}}},"fnMap":{"0":{"name":"(anonymous_0)","decl":{"start":{"line":11,"column":2},"end":{"line":11,"column":3}},"loc":{"start":{"line":24,"column":13},"end":{"line":28,"column":3}},"line":24},"1":{"name":"(anonymous_1)","decl":{"start":{"line":30,"column":2},"end":{"line":30,"column":3}},"loc":{"start":{"line":30,"column":34},"end":{"line":32,"column":3}},"line":30},"2":{"name":"(anonymous_2)","decl":{"start":{"line":31,"column":24},"end":{"line":31,"column":25}},"loc":{"start":{"line":31,"column":34},"end":{"line":31,"column":48}},"line":31},"3":{"name":"(anonymous_3)","decl":{"start":{"line":34,"column":2},"end":{"line":34,"column":3}},"loc":{"start":{"line":34,"column":21},"end":{"line":36,"column":3}},"line":34}},"branchMap":{"0":{"loc":{"start":{"line":11,"column":11},"end":{"line":24,"column":3}},"type":"default-arg","locations":[{"start":{"line":11,"column":37},"end":{"line":24,"column":3}}],"line":11}},"s":{"0":1,"1":4,"2":4,"3":2,"4":2,"5":6},"f":{"0":4,"1":2,"2":2,"3":6},"b":{"0":[4]},"_coverageSchema":"1a1c01bbd47fc00a2c39e90264f33305004495a9","hash":"226540aafebbc99caa5f810c21a316956b109c18"}
}
