TN:
SF:src\data\Books.ts
FNF:0
FNH:0
DA:3,1
LF:1
LH:1
BRF:0
BRH:0
end_of_record
TN:
SF:src\entities\BookEntities.ts
FN:14,(anonymous_0)
FN:28,(anonymous_1)
FN:37,(anonymous_2)
FNF:3
FNH:3
FNDA:6,(anonymous_0)
FNDA:6,(anonymous_1)
FNDA:4,(anonymous_2)
DA:15,6
DA:17,4
DA:18,4
DA:19,4
DA:20,4
DA:21,4
DA:22,4
DA:23,4
DA:24,4
DA:25,4
DA:29,6
DA:30,1
DA:32,5
DA:33,1
DA:38,4
LF:15
LH:15
BRDA:29,0,0,1
BRDA:29,0,1,5
BRDA:32,1,0,1
BRDA:32,1,1,4
BRF:4
BRH:4
end_of_record
TN:
SF:src\errors\ResponseErrors.ts
FN:5,(anonymous_0)
FNF:1
FNH:1
FNDA:1,(anonymous_0)
DA:6,1
DA:7,1
DA:8,1
LF:3
LH:3
BRF:0
BRH:0
end_of_record
TN:
SF:src\repostories\BookRepositoriesImpl.ts
FN:11,(anonymous_0)
FN:15,(anonymous_1)
FN:31,(anonymous_2)
FN:35,(anonymous_3)
FN:36,(anonymous_4)
FN:43,(anonymous_5)
FN:46,(anonymous_6)
FN:66,(anonymous_7)
FN:67,(anonymous_8)
FNF:9
FNH:9
FNDA:6,(anonymous_0)
FNDA:1,(anonymous_1)
FNDA:1,(anonymous_2)
FNDA:2,(anonymous_3)
FNDA:1,(anonymous_4)
FNDA:1,(anonymous_5)
FNDA:1,(anonymous_6)
FNDA:1,(anonymous_7)
FNDA:1,(anonymous_8)
DA:12,6
DA:16,1
DA:17,1
DA:18,1
DA:19,1
DA:21,1
DA:28,1
DA:32,1
DA:36,2
DA:37,2
DA:38,1
DA:40,1
DA:44,1
DA:45,1
DA:46,1
DA:48,1
DA:49,1
DA:67,1
DA:68,1
DA:69,1
LF:20
LH:20
BRDA:37,0,0,1
BRDA:37,0,1,1
BRDA:48,1,0,1
BRDA:48,1,1,0
BRDA:68,2,0,1
BRDA:68,2,1,0
BRF:6
BRH:4
end_of_record
TN:
SF:src\usecases\PostBookUseCases.ts
FN:8,(anonymous_0)
FN:12,(anonymous_1)
FNF:2
FNH:2
FNDA:1,(anonymous_0)
FNDA:1,(anonymous_1)
DA:9,1
DA:13,1
DA:14,1
LF:3
LH:3
BRF:0
BRH:0
end_of_record
TN:
SF:tests\helper\BookRepositoryTestHelper.ts
FN:11,(anonymous_0)
FN:30,(anonymous_1)
FN:31,(anonymous_2)
FN:34,(anonymous_3)
FNF:4
FNH:4
FNDA:4,(anonymous_0)
FNDA:2,(anonymous_1)
FNDA:2,(anonymous_2)
FNDA:6,(anonymous_3)
DA:10,1
DA:25,4
DA:27,4
DA:31,2
DA:35,6
LF:5
LH:5
BRDA:11,0,0,4
BRF:1
BRH:1
end_of_record
